CS252: lab1. sweene15 Fri Aug 25 14:00:19 EDT 2017  Total:  5 of 100

CS252: lab1. sweene15 Fri Sep 1 13:27:43 EDT 2017  Total:  5 of 100

CS252: lab1. sweene15 Fri Sep 1 13:30:55 EDT 2017  Total:  5 of 100

CS252: lab1. sweene15 Fri Sep 1 13:45:24 EDT 2017  Total:  5 of 100

CS252: lab1. sweene15 Sun Sep 3 22:05:58 EDT 2017  Total:  5 of 100

CS252: lab1. sweene15 Mon Sep 4 14:25:20 EDT 2017  Total:  5 of 100

CS252: lab1. sweene15 Tue Sep 5 16:04:27 EDT 2017  Total:  5 of 100

CS252: lab1. sweene15 Tue Sep 5 16:43:36 EDT 2017  Total:  15 of 100

CS252: lab1. sweene15 Tue Sep 5 16:45:26 EDT 2017  Total:  15 of 100

CS252: lab1. sweene15 Tue Sep 5 16:47:38 EDT 2017  Total:  15 of 100

CS252: lab1. sweene15 Tue Sep 5 19:21:16 EDT 2017  Total:  35 of 90

CS252: lab1. sweene15 Tue Sep 5 19:26:39 EDT 2017  Total:  35 of 90

CS252: lab1. sweene15 Tue Sep 5 19:30:23 EDT 2017  Total:  35 of 90

CS252: lab1. sweene15 Tue Sep 5 19:30:50 EDT 2017  Total:  35 of 90

CS252: lab1. sweene15 Tue Sep 5 19:38:09 EDT 2017  Total:  35 of 90

CS252: lab1. sweene15 Tue Sep 5 19:42:16 EDT 2017  Total:  35 of 90

CS252: lab1. sweene15 Tue Sep 5 19:54:40 EDT 2017  Total:  35 of 90

CS252: lab1. sweene15 Tue Sep 5 22:07:40 EDT 2017  Total:  35 of 90

CS252: lab1. sweene15 Tue Sep 5 22:18:22 EDT 2017  Total:  15 of 90

CS252: lab1. sweene15 Tue Sep 5 22:27:36 EDT 2017  Total:  35 of 90

CS252: lab1. sweene15 Tue Sep 5 23:04:25 EDT 2017  Total:  35 of 100

CS252: lab1. sweene15 Tue Sep 5 23:25:50 EDT 2017  Total:  35 of 100

CS252: lab1. sweene15 Fri Sep 8 13:55:05 EDT 2017  Total:  35 of 100

CS252: lab1. sweene15 Fri Sep 8 13:57:34 EDT 2017  Total:  35 of 100

CS252: lab1. sweene15 Fri Sep 8 14:10:07 EDT 2017  Total:  35 of 100

