execve("./hello-syscall", ["./hello-syscall"], [/* 26 vars */]) = 0
brk(NULL)                               = 0x1f9a000
access("/etc/ld.so.nohwcap", F_OK)      = -1 ENOENT (No such file or directory)
mmap(NULL, 8192, PROT_READ|PROT_WRITE, MAP_PRIVATE|MAP_ANONYMOUS, -1, 0) = 0x7f96e93d2000
access("/etc/ld.so.preload", R_OK)      = -1 ENOENT (No such file or directory)
open("/etc/ld.so.cache", O_RDONLY|O_CLOEXEC) = 3
fstat(3, {st_mode=S_IFREG|0644, st_size=89934, ...}) = 0
mmap(NULL, 89934, PROT_READ, MAP_PRIVATE, 3, 0) = 0x7f96e93bc000
close(3)                                = 0
access("/etc/ld.so.nohwcap", F_OK)      = -1 ENOENT (No such file or directory)
open("/lib/x86_64-linux-gnu/libpthread.so.0", O_RDONLY|O_CLOEXEC) = 3
read(3, "\177ELF\2\1\1\0\0\0\0\0\0\0\0\0\3\0>\0\1\0\0\0\260`\0\0\0\0\0\0"..., 832) = 832
fstat(3, {st_mode=S_IFREG|0755, st_size=138696, ...}) = 0
mmap(NULL, 2212904, PROT_READ|PROT_EXEC, MAP_PRIVATE|MAP_DENYWRITE, 3, 0) = 0x7f96e8f92000
mprotect(0x7f96e8faa000, 2093056, PROT_NONE) = 0
mmap(0x7f96e91a9000, 8192, PROT_READ|PROT_WRITE, MAP_PRIVATE|MAP_FIXED|MAP_DENYWRITE, 3, 0x17000) = 0x7f96e91a9000
mmap(0x7f96e91ab000, 13352, PROT_READ|PROT_WRITE, MAP_PRIVATE|MAP_FIXED|MAP_ANONYMOUS, -1, 0) = 0x7f96e91ab000
close(3)                                = 0
access("/etc/ld.so.nohwcap", F_OK)      = -1 ENOENT (No such file or directory)
open("/lib/x86_64-linux-gnu/libc.so.6", O_RDONLY|O_CLOEXEC) = 3
read(3, "\177ELF\2\1\1\3\0\0\0\0\0\0\0\0\3\0>\0\1\0\0\0P\t\2\0\0\0\0\0"..., 832) = 832
fstat(3, {st_mode=S_IFREG|0755, st_size=1868984, ...}) = 0
mmap(NULL, 3971488, PROT_READ|PROT_EXEC, MAP_PRIVATE|MAP_DENYWRITE, 3, 0) = 0x7f96e8bc8000
mprotect(0x7f96e8d88000, 2097152, PROT_NONE) = 0
mmap(0x7f96e8f88000, 24576, PROT_READ|PROT_WRITE, MAP_PRIVATE|MAP_FIXED|MAP_DENYWRITE, 3, 0x1c0000) = 0x7f96e8f88000
mmap(0x7f96e8f8e000, 14752, PROT_READ|PROT_WRITE, MAP_PRIVATE|MAP_FIXED|MAP_ANONYMOUS, -1, 0) = 0x7f96e8f8e000
close(3)                                = 0
mmap(NULL, 4096, PROT_READ|PROT_WRITE, MAP_PRIVATE|MAP_ANONYMOUS, -1, 0) = 0x7f96e93bb000
mmap(NULL, 4096, PROT_READ|PROT_WRITE, MAP_PRIVATE|MAP_ANONYMOUS, -1, 0) = 0x7f96e93ba000
mmap(NULL, 4096, PROT_READ|PROT_WRITE, MAP_PRIVATE|MAP_ANONYMOUS, -1, 0) = 0x7f96e93b9000
arch_prctl(ARCH_SET_FS, 0x7f96e93ba700) = 0
mprotect(0x7f96e8f88000, 16384, PROT_READ) = 0
mprotect(0x7f96e91a9000, 4096, PROT_READ) = 0
mprotect(0x600000, 4096, PROT_READ)     = 0
mprotect(0x7f96e93d4000, 4096, PROT_READ) = 0
munmap(0x7f96e93bc000, 89934)           = 0
set_tid_address(0x7f96e93ba9d0)         = 8435
set_robust_list(0x7f96e93ba9e0, 24)     = 0
rt_sigaction(SIGRTMIN, {0x7f96e8f97b50, [], SA_RESTORER|SA_SIGINFO, 0x7f96e8fa3390}, NULL, 8) = 0
rt_sigaction(SIGRT_1, {0x7f96e8f97be0, [], SA_RESTORER|SA_RESTART|SA_SIGINFO, 0x7f96e8fa3390}, NULL, 8) = 0
rt_sigprocmask(SIG_UNBLOCK, [RTMIN RT_1], NULL, 8) = 0
getrlimit(RLIMIT_STACK, {rlim_cur=8192*1024, rlim_max=RLIM64_INFINITY}) = 0
write(1, "Hello World without syscall\n", 28) = 28
write(1, "Hello World with syscall\n", 25) = 25
fstat(1, {st_mode=S_IFCHR|0620, st_rdev=makedev(136, 174), ...}) = 0
brk(NULL)                               = 0x1f9a000
brk(0x1fbb000)                          = 0x1fbb000
write(1, "Hello World with printf\n", 24) = 24
exit_group(24)                          = ?
+++ exited with 24 +++
