On branch master
Your branch is up-to-date with 'origin/master'.
Untracked files:
	.local.git.out
	testfile

nothing added to commit but untracked files present
[master e4357c5] Lab 2 commit
 1 file changed, 1 insertion(+), 1 deletion(-)
On branch master
Your branch is up-to-date with 'origin/master'.
Untracked files:
	.local.git.out
	testfile

nothing added to commit but untracked files present
On branch master
Your branch is up-to-date with 'origin/master'.
Untracked files:
	.local.git.out
	testfile

nothing added to commit but untracked files present
[master 14ba404] Lab 2 commit
 1 file changed, 6 insertions(+), 1 deletion(-)
[master b400231] Lab 2 commit
 1 file changed, 1 insertion(+), 1 deletion(-)
[master 2766cd9] Lab 2 commit
 1 file changed, 1 insertion(+), 1 deletion(-)
[master 4ee0573] Lab 2 commit
 1 file changed, 1 insertion(+), 1 deletion(-)
On branch master
Your branch is up-to-date with 'origin/master'.
Untracked files:
	.local.git.out
	testfile

nothing added to commit but untracked files present
[master 866eca8] Lab 2 commit
 1 file changed, 1 insertion(+), 1 deletion(-)
[master ac2e99e] Lab 2 commit
 1 file changed, 1 insertion(+), 1 deletion(-)
[master 11133d0] Lab 2 commit
 1 file changed, 2 insertions(+), 2 deletions(-)
[master 51e9b24] Lab 2 commit
 1 file changed, 1 insertion(+), 1 deletion(-)
[master 5e1c2ec] Lab 2 commit
 1 file changed, 2 insertions(+), 2 deletions(-)
[master 5cc8a20] Lab 2 commit
 1 file changed, 1 insertion(+), 1 deletion(-)
[master 6a16ad1] Lab 2 commit
 1 file changed, 1 insertion(+), 1 deletion(-)
[master 6ded68a] Lab 2 commit
 1 file changed, 2 insertions(+), 1 deletion(-)
[master 102a702] Lab 2 commit
 1 file changed, 2 insertions(+), 2 deletions(-)
[master 8473727] Lab 2 commit
 1 file changed, 1 insertion(+), 1 deletion(-)
On branch master
Your branch is up-to-date with 'origin/master'.
Untracked files:
	.local.git.out
	testfile

nothing added to commit but untracked files present
On branch master
Your branch is up-to-date with 'origin/master'.
Untracked files:
	.local.git.out
	testfile

nothing added to commit but untracked files present
[master f0821b1] Lab 2 commit
 1 file changed, 1 insertion(+)
[master d83ef1a] Lab 2 commit
 1 file changed, 2 insertions(+), 2 deletions(-)
[master 36ec5d2] Lab 2 commit
 1 file changed, 1 insertion(+), 1 deletion(-)
[master 45659bc] Lab 2 commit
 1 file changed, 1 insertion(+), 1 deletion(-)
[master f6db79f] Lab 2 commit
 1 file changed, 3 insertions(+), 6 deletions(-)
[master 2b55fc6] Lab 2 commit
 1 file changed, 1 insertion(+), 1 deletion(-)
[master d2529c8] Lab 2 commit
 1 file changed, 1 insertion(+), 1 deletion(-)
[master 3764ec8] Lab 2 commit
 1 file changed, 1 insertion(+), 1 deletion(-)
On branch master
Your branch is up-to-date with 'origin/master'.
Untracked files:
	.local.git.out
	testfile

nothing added to commit but untracked files present
[master 5cf9755] Lab 2 commit
 1 file changed, 1 insertion(+), 1 deletion(-)
[master 61b7691] Lab 2 commit
 1 file changed, 1 insertion(+), 1 deletion(-)
[master e43e575] Lab 2 commit
 1 file changed, 1 insertion(+)
[master 6edea21] Lab 2 commit
 1 file changed, 1 insertion(+)
[master 7bec2fb] Lab 2 commit
 1 file changed, 2 insertions(+), 2 deletions(-)
On branch master
Your branch is up-to-date with 'origin/master'.
Untracked files:
	.local.git.out
	testfile

nothing added to commit but untracked files present
On branch master
Your branch is up-to-date with 'origin/master'.
Untracked files:
	.local.git.out
	testfile

nothing added to commit but untracked files present
On branch master
Your branch is up-to-date with 'origin/master'.
Untracked files:
	.local.git.out
	test.txt

nothing added to commit but untracked files present
[master b337ba2] Lab 2 commit
 1 file changed, 1 insertion(+), 1 deletion(-)
[master dc2ed7d] Lab 2 commit
 1 file changed, 4 insertions(+), 1 deletion(-)
[master d01370b] Lab 2 commit
 1 file changed, 1 insertion(+), 1 deletion(-)
[master 145e0d6] Lab 2 commit
 1 file changed, 1 insertion(+), 1 deletion(-)
[master bea5433] Lab 2 commit
 1 file changed, 1 insertion(+), 1 deletion(-)
[master 7429027] Lab 2 commit
 1 file changed, 2 insertions(+), 2 deletions(-)
[master 95aa571] Lab 2 commit
 1 file changed, 1 insertion(+), 1 deletion(-)
[master 44ef72b] Lab 2 commit
 1 file changed, 4 insertions(+), 4 deletions(-)
[master 7c52def] Lab 2 commit
 1 file changed, 2 insertions(+), 1 deletion(-)
[master 684ec00] Lab 2 commit
 1 file changed, 2 insertions(+)
[master 042a5f7] Lab 2 commit
 1 file changed, 3 insertions(+), 4 deletions(-)
[master fac62f4] Lab 2 commit
 1 file changed, 1 insertion(+), 1 deletion(-)
On branch master
Your branch is up-to-date with 'origin/master'.
Untracked files:
	.local.git.out
	test.txt

nothing added to commit but untracked files present
[master 5ad118d] Lab 2 commit
 1 file changed, 1 insertion(+), 5 deletions(-)
[master 046b4fb] Lab 2 commit
 1 file changed, 1 insertion(+), 1 deletion(-)
[master 604e59c] Lab 2 commit
 1 file changed, 3 deletions(-)
On branch master
Your branch is up-to-date with 'origin/master'.
Untracked files:
	.local.git.out
	test.txt

nothing added to commit but untracked files present
On branch master
Your branch is up-to-date with 'origin/master'.
Untracked files:
	.local.git.out
	test.txt

nothing added to commit but untracked files present
On branch master
Your branch is up-to-date with 'origin/master'.
Untracked files:
	.local.git.out
	test.txt

nothing added to commit but untracked files present
[master 05a82aa] Lab 2 commit
 1 file changed, 3 insertions(+), 3 deletions(-)
[master ddadc77] Lab 2 commit
 1 file changed, 1 insertion(+), 1 deletion(-)
[master e65f8c3] Lab 2 commit
 1 file changed, 1 insertion(+), 1 deletion(-)
[master 652bfa5] Lab 2 commit
 1 file changed, 1 insertion(+), 1 deletion(-)
On branch master
Your branch is up-to-date with 'origin/master'.
Untracked files:
	.local.git.out
	test.txt

nothing added to commit but untracked files present
[master a164491] Lab 2 commit
 1 file changed, 2 insertions(+)
[master 67a3f2d] Lab 2 commit
 1 file changed, 1 insertion(+)
[master 92079b1] Lab 2 commit
 1 file changed, 1 insertion(+), 1 deletion(-)
[master 628cc5c] Lab 2 commit
 1 file changed, 3 insertions(+), 2 deletions(-)
On branch master
Your branch is up-to-date with 'origin/master'.
Untracked files:
	.local.git.out
	test.txt

nothing added to commit but untracked files present
On branch master
Your branch is up-to-date with 'origin/master'.
Untracked files:
	.local.git.out
	test.txt

nothing added to commit but untracked files present
[master 793a5e1] Lab 2 commit
 1 file changed, 1 insertion(+), 1 deletion(-)
[master 0ad4b41] Lab 2 commit
 1 file changed, 1 insertion(+), 1 deletion(-)
[master 9f65884] Lab 2 commit
 1 file changed, 1 insertion(+), 1 deletion(-)
[master f1ad5a9] Lab 2 commit
 1 file changed, 1 insertion(+), 1 deletion(-)
[master e89b921] Lab 2 commit
 1 file changed, 1 insertion(+), 1 deletion(-)
[master 669560c] Lab 2 commit
 1 file changed, 1 insertion(+), 1 deletion(-)
[master 9d36586] Lab 2 commit
 1 file changed, 1 insertion(+), 1 deletion(-)
[master c7b88a4] Lab 2 commit
 1 file changed, 1 insertion(+), 1 deletion(-)
On branch master
Your branch is up-to-date with 'origin/master'.
Untracked files:
	.local.git.out
	test.txt

nothing added to commit but untracked files present
[master abd06fd] Lab 2 commit
 1 file changed, 1 insertion(+), 1 deletion(-)
On branch master
Your branch is up-to-date with 'origin/master'.
Untracked files:
	.local.git.out
	test.txt

nothing added to commit but untracked files present
On branch master
Your branch is up-to-date with 'origin/master'.
Untracked files:
	.local.git.out
	test.txt

nothing added to commit but untracked files present
On branch master
Your branch is up-to-date with 'origin/master'.
Untracked files:
	.local.git.out
	test.txt

nothing added to commit but untracked files present
On branch master
Your branch is up-to-date with 'origin/master'.
Untracked files:
	.local.git.out
	test.txt

nothing added to commit but untracked files present
[master 51e0075] Lab 2 commit
 1 file changed, 2 insertions(+)
On branch master
Your branch is up-to-date with 'origin/master'.
Untracked files:
	.local.git.out
	test.txt

nothing added to commit but untracked files present
[master da99f59] Lab 2 commit
 1 file changed, 1 insertion(+), 1 deletion(-)
[master b0bcce6] Lab 2 commit
 1 file changed, 3 insertions(+)
[master 8f327ea] Lab 2 commit
 1 file changed, 1 insertion(+), 1 deletion(-)
[master bcfd0e1] Lab 2 commit
 1 file changed, 1 deletion(-)
On branch master
Your branch is up-to-date with 'origin/master'.
Untracked files:
	.local.git.out
	test.txt

nothing added to commit but untracked files present
[master 96391d3] Lab 2 commit
 1 file changed, 4 insertions(+), 2 deletions(-)
[master 38f980b] Lab 2 commit
 1 file changed, 1 insertion(+), 1 deletion(-)
[master fd39e4b] Lab 2 commit
 1 file changed, 1 insertion(+), 1 deletion(-)
[master 3f502e7] Lab 2 commit
 1 file changed, 1 insertion(+), 1 deletion(-)
[master 41acb75] Lab 2 commit
 1 file changed, 1 insertion(+), 1 deletion(-)
[master ef73f66] Lab 2 commit
 1 file changed, 1 insertion(+), 1 deletion(-)
[master e6deda2] Lab 2 commit
 1 file changed, 3 insertions(+), 4 deletions(-)
[master 2cab487] Lab 2 commit
 1 file changed, 1 insertion(+), 1 deletion(-)
On branch master
Your branch is up-to-date with 'origin/master'.
Untracked files:
	.local.git.out
	test.txt

nothing added to commit but untracked files present
On branch master
Your branch is up-to-date with 'origin/master'.
Untracked files:
	.local.git.out
	test.txt

nothing added to commit but untracked files present
On branch master
Your branch is up-to-date with 'origin/master'.
Untracked files:
	.local.git.out
	test.txt

nothing added to commit but untracked files present
On branch master
Your branch is up-to-date with 'origin/master'.
Untracked files:
	.local.git.out
	test.txt

nothing added to commit but untracked files present
[master a98b281] Lab 2 commit
 1 file changed, 1 insertion(+), 1 deletion(-)
[master 518b48a] Lab 2 commit
 1 file changed, 1 insertion(+), 1 deletion(-)
[master 32cacee] Lab 2 commit
 1 file changed, 1 insertion(+), 1 deletion(-)
[master 699db90] Lab 2 commit
 1 file changed, 4 insertions(+), 2 deletions(-)
[master 363bf25] Lab 2 commit
 1 file changed, 1 insertion(+), 1 deletion(-)
[master 9bab1ee] Lab 2 commit
 1 file changed, 1 insertion(+), 4 deletions(-)
[master 436a575] Lab 2 commit
 1 file changed, 3 insertions(+), 1 deletion(-)
[master 7d33dcb] Lab 2 commit
 1 file changed, 1 insertion(+), 1 deletion(-)
[master 9eca695] Lab 2 commit
 1 file changed, 2 insertions(+), 1 deletion(-)
[master 5b168c6] Lab 2 commit
 1 file changed, 1 insertion(+), 1 deletion(-)
[master 69d8854] Lab 2 commit
 1 file changed, 1 insertion(+), 1 deletion(-)
[master 73371e7] Lab 2 commit
 1 file changed, 1 insertion(+), 1 deletion(-)
[master 330fed8] Lab 2 commit
 1 file changed, 1 insertion(+), 1 deletion(-)
[master 947b2ea] Lab 2 commit
 1 file changed, 1 insertion(+), 1 deletion(-)
[master b0ad591] Lab 2 commit
 1 file changed, 2 insertions(+), 2 deletions(-)
[master 43ae729] Lab 2 commit
 1 file changed, 1 insertion(+), 1 deletion(-)
[master 186314e] Lab 2 commit
 1 file changed, 2 insertions(+), 1 deletion(-)
[master 07067c7] Lab 2 commit
 1 file changed, 1 insertion(+), 1 deletion(-)
[master cd2f331] Lab 2 commit
 1 file changed, 1 insertion(+), 1 deletion(-)
[master 5750a79] Lab 2 commit
 1 file changed, 1 insertion(+), 1 deletion(-)
[master a475bc6] Lab 2 commit
 1 file changed, 1 insertion(+), 1 deletion(-)
[master 625c2e8] Lab 2 commit
 1 file changed, 1 insertion(+), 1 deletion(-)
[master f651b99] Lab 2 commit
 1 file changed, 1 insertion(+), 1 deletion(-)
[master a051acc] Lab 2 commit
 1 file changed, 1 insertion(+), 1 deletion(-)
[master 7c52b30] Lab 2 commit
 1 file changed, 7 insertions(+), 2 deletions(-)
[master 4a3e080] Lab 2 commit
 1 file changed, 2 deletions(-)
On branch master
Your branch is up-to-date with 'origin/master'.
Untracked files:
	.local.git.out
	number
	test.txt

nothing added to commit but untracked files present
On branch master
Your branch is up-to-date with 'origin/master'.
Untracked files:
	.local.git.out
	number
	test.txt

nothing added to commit but untracked files present
On branch master
Your branch is up-to-date with 'origin/master'.
Untracked files:
	.local.git.out
	number
	test.txt

nothing added to commit but untracked files present
On branch master
Your branch is up-to-date with 'origin/master'.
Untracked files:
	.local.git.out
	number
	test.txt

nothing added to commit but untracked files present
On branch master
Your branch is up-to-date with 'origin/master'.
Untracked files:
	.local.git.out
	number
	test.txt

nothing added to commit but untracked files present
[master 4b932e4] Lab 2 commit
 1 file changed, 2 insertions(+), 2 deletions(-)
[master 2ff6562] Lab 2 commit
 1 file changed, 3 insertions(+)
[master 27bf65c] Lab 2 commit
 1 file changed, 1 insertion(+), 1 deletion(-)
[master 5127ead] Lab 2 commit
 1 file changed, 13 insertions(+)
On branch master
Your branch is up-to-date with 'origin/master'.
Untracked files:
	.local.git.out
	number
	test.txt

nothing added to commit but untracked files present
On branch master
Your branch is up-to-date with 'origin/master'.
Untracked files:
	.local.git.out
	number
	test.txt

nothing added to commit but untracked files present
[master 5510ad0] Lab 2 commit
 1 file changed, 5 insertions(+)
[master 9ba93c2] Lab 2 commit
 1 file changed, 1 insertion(+), 1 deletion(-)
[master c9541d3] Lab 2 commit
 1 file changed, 3 insertions(+), 2 deletions(-)
[master cfbc6d6] Lab 2 commit
 1 file changed, 1 insertion(+), 1 deletion(-)
On branch master
Your branch is up-to-date with 'origin/master'.
Untracked files:
	.local.git.out
	number
	test.txt

nothing added to commit but untracked files present
On branch master
Your branch is up-to-date with 'origin/master'.
Untracked files:
	.local.git.out
	number
	test.txt

nothing added to commit but untracked files present
On branch master
Your branch is up-to-date with 'origin/master'.
Untracked files:
	.local.git.out
	number
	test.txt

nothing added to commit but untracked files present
On branch master
Your branch is up-to-date with 'origin/master'.
Untracked files:
	.local.git.out
	number
	test.txt

nothing added to commit but untracked files present
On branch master
Your branch is up-to-date with 'origin/master'.
Untracked files:
	.local.git.out
	number
	test.txt

nothing added to commit but untracked files present
[master dbae80d] Lab 2 commit
 1 file changed, 1 insertion(+)
[master 7b88165] Lab 2 commit
 1 file changed, 1 insertion(+), 1 deletion(-)
[master 3559f1b] Lab 2 commit
 1 file changed, 1 deletion(-)
On branch master
Your branch is up-to-date with 'origin/master'.
Untracked files:
	.local.git.out
	number
	test.txt

nothing added to commit but untracked files present
On branch master
Your branch is up-to-date with 'origin/master'.
Untracked files:
	.local.git.out
	number
	test.txt

nothing added to commit but untracked files present
On branch master
Your branch is up-to-date with 'origin/master'.
Untracked files:
	.local.git.out
	number
	test.txt

nothing added to commit but untracked files present
On branch master
Your branch is up-to-date with 'origin/master'.
Untracked files:
	.local.git.out
	number
	test.txt

nothing added to commit but untracked files present
On branch master
Your branch is up-to-date with 'origin/master'.
Untracked files:
	.local.git.out
	number
	test.txt

nothing added to commit but untracked files present
On branch master
Your branch is up-to-date with 'origin/master'.
Untracked files:
	.local.git.out
	number
	test.txt

nothing added to commit but untracked files present
[master 9f0ea17] Lab 2 commit
 1 file changed, 1 insertion(+), 1 deletion(-)
[master 89e01d7] Lab 2 commit
 1 file changed, 1 insertion(+), 1 deletion(-)
[master c9ebefb] Lab 2 commit
 1 file changed, 1 insertion(+), 1 deletion(-)
[master cd6bc6c] Lab 2 commit
 1 file changed, 1 insertion(+), 1 deletion(-)
On branch master
Your branch is up-to-date with 'origin/master'.
Untracked files:
	.local.git.out
	number
	test.txt

nothing added to commit but untracked files present
On branch master
Your branch is up-to-date with 'origin/master'.
Untracked files:
	.local.git.out
	number
	test.txt

nothing added to commit but untracked files present
On branch master
Your branch is up-to-date with 'origin/master'.
Untracked files:
	.local.git.out
	number
	test.txt

nothing added to commit but untracked files present
On branch master
Your branch is up-to-date with 'origin/master'.
Untracked files:
	.local.git.out
	number
	test.txt

nothing added to commit but untracked files present
On branch master
Your branch is up-to-date with 'origin/master'.
Untracked files:
	.local.git.out
	number
	test.txt

nothing added to commit but untracked files present
On branch master
Your branch is up-to-date with 'origin/master'.
Untracked files:
	.local.git.out
	number
	test.txt

nothing added to commit but untracked files present
On branch master
Your branch is up-to-date with 'origin/master'.
Untracked files:
	.local.git.out
	number
	test.txt

nothing added to commit but untracked files present
On branch master
Your branch is up-to-date with 'origin/master'.
Untracked files:
	.local.git.out
	number
	test.txt

nothing added to commit but untracked files present
On branch master
Your branch is up-to-date with 'origin/master'.
Untracked files:
	.local.git.out
	number
	test.txt

nothing added to commit but untracked files present
On branch master
Your branch is up-to-date with 'origin/master'.
Untracked files:
	.local.git.out
	number
	test.txt
	testfile

nothing added to commit but untracked files present
[master ae36a9d] Lab 2 commit
 1 file changed, 3 insertions(+), 3 deletions(-)
On branch master
Your branch is up-to-date with 'origin/master'.
Untracked files:
	.local.git.out
	number
	test.txt
	testfile

nothing added to commit but untracked files present
On branch master
Your branch is up-to-date with 'origin/master'.
Untracked files:
	.local.git.out
	testfile

nothing added to commit but untracked files present
On branch master
Your branch is up-to-date with 'origin/master'.
Untracked files:
	.local.git.out
	testfile

nothing added to commit but untracked files present
On branch master
Your branch is up-to-date with 'origin/master'.
Untracked files:
	.local.git.out
	testfile

nothing added to commit but untracked files present
On branch master
Your branch is up-to-date with 'origin/master'.
Untracked files:
	.local.git.out
	testfile

nothing added to commit but untracked files present
On branch master
Your branch is up-to-date with 'origin/master'.
Untracked files:
	.local.git.out
	testfile

nothing added to commit but untracked files present
On branch master
Your branch is up-to-date with 'origin/master'.
Untracked files:
	.local.git.out
	.monitor.sh.swp
	testfile

nothing added to commit but untracked files present
On branch master
Your branch is up-to-date with 'origin/master'.
Untracked files:
	.local.git.out
	.monitor.sh.swp
	testfile

nothing added to commit but untracked files present
On branch master
Your branch is up-to-date with 'origin/master'.
Untracked files:
	.local.git.out
	.monitor.sh.swp
	testfile

nothing added to commit but untracked files present
On branch master
Your branch is up-to-date with 'origin/master'.
Untracked files:
	.local.git.out
	.monitor.sh.swp
	testfile

nothing added to commit but untracked files present
On branch master
Your branch is up-to-date with 'origin/master'.
Untracked files:
	.local.git.out
	.monitor.sh.swp
	testfile

nothing added to commit but untracked files present
On branch master
Your branch is up-to-date with 'origin/master'.
Untracked files:
	.local.git.out
	.monitor.sh.swp
	testfile

nothing added to commit but untracked files present
On branch master
Your branch is up-to-date with 'origin/master'.
Untracked files:
	.local.git.out
	.monitor.sh.swp
	testfile

nothing added to commit but untracked files present
On branch master
Your branch is up-to-date with 'origin/master'.
Untracked files:
	.local.git.out
	.monitor.sh.swp
	testfile

nothing added to commit but untracked files present
On branch master
Your branch is up-to-date with 'origin/master'.
Untracked files:
	.local.git.out
	.monitor.sh.swp
	testfile

nothing added to commit but untracked files present
On branch master
Your branch is up-to-date with 'origin/master'.
Untracked files:
	.local.git.out
	.monitor.sh.swp
	testfile

nothing added to commit but untracked files present
On branch master
Your branch is up-to-date with 'origin/master'.
Untracked files:
	.local.git.out
	.monitor.sh.swp
	temp
	test-pwcheck.org.out
	test-pwcheck.txt
	testall-pwcheck.sh
	testfile
	testpwcheck.tar.gz

nothing added to commit but untracked files present
On branch master
Your branch is up-to-date with 'origin/master'.
Untracked files:
	.local.git.out
	.monitor.sh.swp
	temp
	test-pwcheck.org.out
	test-pwcheck.out
	test-pwcheck.txt
	testall-pwcheck.sh
	testfile
	testpwcheck.tar.gz

nothing added to commit but untracked files present
On branch master
Your branch is up-to-date with 'origin/master'.
Untracked files:
	.local.git.out
	.monitor.sh.swp
	temp
	test-pwcheck.org.out
	test-pwcheck.out
	test-pwcheck.txt
	testall-pwcheck.sh
	testfile
	testpwcheck.tar.gz

nothing added to commit but untracked files present
On branch master
Your branch is up-to-date with 'origin/master'.
Untracked files:
	.local.git.out
	.monitor.sh.swp
	temp
	test-pwcheck.org.out
	test-pwcheck.out
	test-pwcheck.txt
	testall-pwcheck.sh
	testfile
	testpwcheck.tar.gz

nothing added to commit but untracked files present
On branch master
Your branch is up-to-date with 'origin/master'.
Untracked files:
	.local.git.out
	.monitor.sh.swp
	temp
	test-pwcheck.org.out
	test-pwcheck.out
	test-pwcheck.txt
	testall-pwcheck.sh
	testfile
	testpwcheck.tar.gz

nothing added to commit but untracked files present
On branch master
Your branch is up-to-date with 'origin/master'.
Untracked files:
	.local.git.out
	.monitor.sh.swp
	temp
	test-pwcheck.org.out
	test-pwcheck.out
	test-pwcheck.txt
	testall-pwcheck.sh
	testfile
	testpwcheck.tar.gz

nothing added to commit but untracked files present
On branch master
Your branch is up-to-date with 'origin/master'.
Untracked files:
	.local.git.out
	.monitor.sh.swp
	temp
	test-pwcheck.org.out
	test-pwcheck.out
	test-pwcheck.txt
	testall-pwcheck.sh
	testfile
	testpwcheck.tar.gz

nothing added to commit but untracked files present
On branch master
Your branch is up-to-date with 'origin/master'.
Untracked files:
	.local.git.out
	.monitor.sh.swp
	temp
	test-pwcheck.org.out
	test-pwcheck.out
	test-pwcheck.txt
	testall-pwcheck.sh
	testfile
	testpwcheck.tar.gz

nothing added to commit but untracked files present
On branch master
Your branch is up-to-date with 'origin/master'.
Untracked files:
	.local.git.out
	.monitor.sh.swp
	temp
	test-pwcheck.org.out
	test-pwcheck.out
	test-pwcheck.txt
	testall-pwcheck.sh
	testfile
	testpwcheck.tar.gz

nothing added to commit but untracked files present
On branch master
Your branch is up-to-date with 'origin/master'.
Untracked files:
	.local.git.out
	.monitor.sh.swp
	temp
	test-pwcheck.org.out
	test-pwcheck.out
	test-pwcheck.txt
	testall-pwcheck.sh
	testfile
	testpwcheck.tar.gz

nothing added to commit but untracked files present
On branch master
Your branch is up-to-date with 'origin/master'.
Untracked files:
	.local.git.out
	.monitor.sh.swp
	temp
	test-pwcheck.org.out
	test-pwcheck.out
	test-pwcheck.txt
	testall-pwcheck.sh
	testfile
	testpwcheck.tar.gz

nothing added to commit but untracked files present
On branch master
Your branch is up-to-date with 'origin/master'.
Untracked files:
	.local.git.out
	.monitor.sh.swp
	temp
	test-pwcheck.org.out
	test-pwcheck.out
	test-pwcheck.txt
	testall-pwcheck.sh
	testfile
	testpwcheck.tar.gz

nothing added to commit but untracked files present
On branch master
Your branch is up-to-date with 'origin/master'.
Untracked files:
	.local.git.out
	.monitor.sh.swp
	temp
	test-pwcheck.org.out
	test-pwcheck.out
	test-pwcheck.txt
	testall-pwcheck.sh
	testfile
	testpwcheck.tar.gz

nothing added to commit but untracked files present
On branch master
Your branch is up-to-date with 'origin/master'.
Untracked files:
	.local.git.out
	.monitor.sh.swp
	temp
	test-pwcheck.org.out
	test-pwcheck.out
	test-pwcheck.txt
	testall-pwcheck.sh
	testfile
	testpwcheck.tar.gz

nothing added to commit but untracked files present
On branch master
Your branch is up-to-date with 'origin/master'.
Untracked files:
	.local.git.out
	.monitor.sh.swp
	temp
	test-pwcheck.org.out
	test-pwcheck.out
	test-pwcheck.txt
	testall-pwcheck.sh
	testfile
	testpwcheck.tar.gz

nothing added to commit but untracked files present
On branch master
Your branch is up-to-date with 'origin/master'.
Untracked files:
	.local.git.out
	.monitor.sh.swp
	temp
	test-pwcheck.org.out
	test-pwcheck.out
	test-pwcheck.txt
	testall-pwcheck.sh
	testfile
	testpwcheck.tar.gz

nothing added to commit but untracked files present
On branch master
Your branch is up-to-date with 'origin/master'.
Untracked files:
	.local.git.out
	.monitor.sh.swp
	temp
	test-pwcheck.org.out
	test-pwcheck.out
	test-pwcheck.txt
	testall-pwcheck.sh
	testfile
	testpwcheck.tar.gz

nothing added to commit but untracked files present
On branch master
Your branch is up-to-date with 'origin/master'.
Untracked files:
	.local.git.out
	.monitor.sh.swp
	temp
	test-pwcheck.org.out
	test-pwcheck.out
	test-pwcheck.txt
	testall-pwcheck.sh
	testfile
	testpwcheck.tar.gz

nothing added to commit but untracked files present
On branch master
Your branch is up-to-date with 'origin/master'.
Untracked files:
	.local.git.out
	.monitor.sh.swp
	test-pwcheck.org.out
	test-pwcheck.out
	test-pwcheck.txt
	testall-pwcheck.sh
	testfile
	testpwcheck.tar.gz

nothing added to commit but untracked files present
On branch master
Your branch is up-to-date with 'origin/master'.
Untracked files:
	.local.git.out
	.monitor.sh.swp
	testfile

nothing added to commit but untracked files present
On branch master
Your branch is up-to-date with 'origin/master'.
Untracked files:
	.local.git.out
	.monitor.sh.swp
	test-pass
	testfile

nothing added to commit but untracked files present
On branch master
Your branch is up-to-date with 'origin/master'.
Untracked files:
	.local.git.out
	.monitor.sh.swp
	test-pass
	testfile

nothing added to commit but untracked files present
On branch master
Your branch is up-to-date with 'origin/master'.
Untracked files:
	.local.git.out
	.monitor.sh.swp
	test-pass
	testfile

nothing added to commit but untracked files present
On branch master
Your branch is up-to-date with 'origin/master'.
Untracked files:
	.local.git.out
	.monitor.sh.swp
	test-pass
	testfile

nothing added to commit but untracked files present
On branch master
Your branch is up-to-date with 'origin/master'.
Untracked files:
	.local.git.out
	.monitor.sh.swp
	test-pass
	testfile

nothing added to commit but untracked files present
On branch master
Your branch is up-to-date with 'origin/master'.
Untracked files:
	.local.git.out
	.monitor.sh.swp
	test-pass
	testfile

nothing added to commit but untracked files present
On branch master
Your branch is up-to-date with 'origin/master'.
Untracked files:
	.local.git.out
	.monitor.sh.swp
	test-pass
	testfile

nothing added to commit but untracked files present
On branch master
Your branch is up-to-date with 'origin/master'.
Untracked files:
	.local.git.out
	.monitor.sh.swp
	test-pass
	testfile

nothing added to commit but untracked files present
On branch master
Your branch is up-to-date with 'origin/master'.
Untracked files:
	.local.git.out
	.monitor.sh.swp
	test-pass
	testfile

nothing added to commit but untracked files present
On branch master
Your branch is up-to-date with 'origin/master'.
Untracked files:
	.local.git.out
	.monitor.sh.swp
	test-pass
	testfile

nothing added to commit but untracked files present
On branch master
Your branch is up-to-date with 'origin/master'.
Untracked files:
	.local.git.out
	.monitor.sh.swp
	test-pass
	testfile

nothing added to commit but untracked files present
On branch master
Your branch is up-to-date with 'origin/master'.
Untracked files:
	.local.git.out
	.monitor.sh.swp
	test-pass
	testfile

nothing added to commit but untracked files present
On branch master
Your branch is up-to-date with 'origin/master'.
Untracked files:
	.local.git.out
	.monitor.sh.swp
	test-pass
	testfile

nothing added to commit but untracked files present
On branch master
Your branch is up-to-date with 'origin/master'.
Untracked files:
	.local.git.out
	.monitor.sh.swp
	test-pass
	testfile

nothing added to commit but untracked files present
On branch master
Your branch is up-to-date with 'origin/master'.
Untracked files:
	.local.git.out
	.monitor.sh.swp
	test-pass
	testfile

nothing added to commit but untracked files present
On branch master
Your branch is up-to-date with 'origin/master'.
Untracked files:
	.local.git.out
	.monitor.sh.swp
	test-pass
	testfile

nothing added to commit but untracked files present
On branch master
Your branch is up-to-date with 'origin/master'.
Untracked files:
	.local.git.out
	.monitor.sh.swp
	test-pass
	testfile

nothing added to commit but untracked files present
On branch master
Your branch is up-to-date with 'origin/master'.
Untracked files:
	.local.git.out
	.monitor.sh.swp
	test-pass
	testfile

nothing added to commit but untracked files present
On branch master
Your branch is up-to-date with 'origin/master'.
Untracked files:
	.local.git.out
	.monitor.sh.swp
	test-pass
	testfile

nothing added to commit but untracked files present
On branch master
Your branch is up-to-date with 'origin/master'.
Untracked files:
	.local.git.out
	.monitor.sh.swp
	test-pass
	testfile

nothing added to commit but untracked files present
On branch master
Your branch is up-to-date with 'origin/master'.
Untracked files:
	.local.git.out
	.monitor.sh.swp
	test-pass
	testfile

nothing added to commit but untracked files present
On branch master
Your branch is up-to-date with 'origin/master'.
Untracked files:
	.local.git.out
	.monitor.sh.swp
	test-pass
	testfile

nothing added to commit but untracked files present
On branch master
Your branch is up-to-date with 'origin/master'.
Untracked files:
	.local.git.out
	.monitor.sh.swp
	test-pass
	testfile

nothing added to commit but untracked files present
On branch master
Your branch is up-to-date with 'origin/master'.
Untracked files:
	.local.git.out
	.monitor.sh.swp
	test-pass
	testfile

nothing added to commit but untracked files present
On branch master
Your branch is up-to-date with 'origin/master'.
Untracked files:
	.local.git.out
	.monitor.sh.swp
	test-pass
	testfile

nothing added to commit but untracked files present
On branch master
Your branch is up-to-date with 'origin/master'.
Untracked files:
	.local.git.out
	.monitor.sh.swp
	test-pass
	testfile

nothing added to commit but untracked files present
On branch master
Your branch is up-to-date with 'origin/master'.
Untracked files:
	.local.git.out
	.monitor.sh.swp
	test-pass
	testfile

nothing added to commit but untracked files present
On branch master
Your branch is up-to-date with 'origin/master'.
Untracked files:
	.local.git.out
	.monitor.sh.swp
	test-pass
	testfile

nothing added to commit but untracked files present
On branch master
Your branch is up-to-date with 'origin/master'.
Untracked files:
	.local.git.out
	.monitor.sh.swp
	test-pass
	testfile

nothing added to commit but untracked files present
On branch master
Your branch is up-to-date with 'origin/master'.
Untracked files:
	.local.git.out
	.monitor.sh.swp
	test-pass
	testfile

nothing added to commit but untracked files present
On branch master
Your branch is up-to-date with 'origin/master'.
Untracked files:
	.local.git.out
	.monitor.sh.swp
	test-pass
	testfile

nothing added to commit but untracked files present
On branch master
Your branch is up-to-date with 'origin/master'.
Untracked files:
	.local.git.out
	.monitor.sh.swp
	test-pass
	testfile

nothing added to commit but untracked files present
On branch master
Your branch is up-to-date with 'origin/master'.
Untracked files:
	.local.git.out
	.monitor.sh.swp
	test-pass
	testfile

nothing added to commit but untracked files present
On branch master
Your branch is up-to-date with 'origin/master'.
Untracked files:
	.local.git.out
	.monitor.sh.swp
	test-pass
	testfile

nothing added to commit but untracked files present
On branch master
Your branch is up-to-date with 'origin/master'.
Untracked files:
	.local.git.out
	.monitor.sh.swp
	test-pass
	testfile

nothing added to commit but untracked files present
On branch master
Your branch is up-to-date with 'origin/master'.
Untracked files:
	.local.git.out
	.monitor.sh.swp
	test-pass
	testfile

nothing added to commit but untracked files present
On branch master
Your branch is up-to-date with 'origin/master'.
Untracked files:
	.local.git.out
	.monitor.sh.swp
	test-pass
	testfile

nothing added to commit but untracked files present
On branch master
Your branch is up-to-date with 'origin/master'.
Untracked files:
	.local.git.out
	.monitor.sh.swp
	test-pass
	testfile

nothing added to commit but untracked files present
On branch master
Your branch is up-to-date with 'origin/master'.
Untracked files:
	.local.git.out
	.monitor.sh.swp
	test-pass
	testfile

nothing added to commit but untracked files present
On branch master
Your branch is up-to-date with 'origin/master'.
Untracked files:
	.local.git.out
	.monitor.sh.swp
	test-pass
	testfile

nothing added to commit but untracked files present
On branch master
Your branch is up-to-date with 'origin/master'.
Untracked files:
	.local.git.out
	.monitor.sh.swp
	test-pass
	testfile

nothing added to commit but untracked files present
On branch master
Your branch is up-to-date with 'origin/master'.
Untracked files:
	.local.git.out
	.monitor.sh.swp
	test-pass
	testfile

nothing added to commit but untracked files present
On branch master
Your branch is up-to-date with 'origin/master'.
Untracked files:
	.local.git.out
	.monitor.sh.swp
	test-pass
	testfile

nothing added to commit but untracked files present
On branch master
Your branch is up-to-date with 'origin/master'.
Untracked files:
	.local.git.out
	.monitor.sh.swp
	test-pass
	testfile

nothing added to commit but untracked files present
On branch master
Your branch is up-to-date with 'origin/master'.
Untracked files:
	.local.git.out
	.monitor.sh.swp
	test-pass
	testfile

nothing added to commit but untracked files present
On branch master
Your branch is up-to-date with 'origin/master'.
Untracked files:
	.local.git.out
	.monitor.sh.swp
	test-pass
	testfile

nothing added to commit but untracked files present
On branch master
Your branch is up-to-date with 'origin/master'.
Untracked files:
	.local.git.out
	.monitor.sh.swp
	test-pass
	testfile

nothing added to commit but untracked files present
On branch master
Your branch is up-to-date with 'origin/master'.
Untracked files:
	.local.git.out
	.monitor.sh.swp
	test-pass
	testfile

nothing added to commit but untracked files present
On branch master
Your branch is up-to-date with 'origin/master'.
Untracked files:
	.local.git.out
	.monitor.sh.swp
	test-pass
	testfile

nothing added to commit but untracked files present
On branch master
Your branch is up-to-date with 'origin/master'.
Untracked files:
	.local.git.out
	.monitor.sh.swp
	test-pass
	testfile

nothing added to commit but untracked files present
On branch master
Your branch is up-to-date with 'origin/master'.
Untracked files:
	.local.git.out
	.monitor.sh.swp
	test-pass
	testfile

nothing added to commit but untracked files present
On branch master
Your branch is up-to-date with 'origin/master'.
Untracked files:
	.local.git.out
	.monitor.sh.swp
	test-pass
	testfile

nothing added to commit but untracked files present
On branch master
Your branch is up-to-date with 'origin/master'.
Untracked files:
	.local.git.out
	.monitor.sh.swp
	test-pass
	testfile

nothing added to commit but untracked files present
On branch master
Your branch is up-to-date with 'origin/master'.
Untracked files:
	.local.git.out
	.monitor.sh.swp
	test-pass
	testfile

nothing added to commit but untracked files present
On branch master
Your branch is up-to-date with 'origin/master'.
Untracked files:
	.local.git.out
	.monitor.sh.swp
	test-pass
	testfile

nothing added to commit but untracked files present
On branch master
Your branch is up-to-date with 'origin/master'.
Untracked files:
	.local.git.out
	.monitor.sh.swp
	test-pass
	testfile

nothing added to commit but untracked files present
On branch master
Your branch is up-to-date with 'origin/master'.
Untracked files:
	.local.git.out
	.monitor.sh.swp
	test-pass
	testfile

nothing added to commit but untracked files present
[master 40b5017] Lab 2 commit
 1 file changed, 8 insertions(+), 5 deletions(-)
[master 9ba37a1] Lab 2 commit
 1 file changed, 1 insertion(+), 1 deletion(-)
[master 716fae8] Lab 2 commit
 1 file changed, 1 insertion(+), 1 deletion(-)
[master 2cd5837] Lab 2 commit
 1 file changed, 7 insertions(+), 3 deletions(-)
On branch master
Your branch is up-to-date with 'origin/master'.
Untracked files:
	.local.git.out
	reports_dir/
	testfile

nothing added to commit but untracked files present
On branch master
Your branch is up-to-date with 'origin/master'.
Untracked files:
	.local.git.out
	reports_dir/
	testfile

nothing added to commit but untracked files present
[master 01bbf5b] Lab 2 commit
 1 file changed, 2 insertions(+)
[master 137c582] Lab 2 commit
 1 file changed, 4 insertions(+), 4 deletions(-)
On branch master
Your branch is up-to-date with 'origin/master'.
Untracked files:
	.local.git.out
	testfile

nothing added to commit but untracked files present
[master 5d75307] Lab 2 commit
 1 file changed, 9 insertions(+), 17 deletions(-)
[master 8056f7e] Lab 2 commit
 1 file changed, 2 insertions(+), 2 deletions(-)
[master 48b57f1] Lab 2 commit
 1 file changed, 2 insertions(+), 2 deletions(-)
[master 357b57b] Lab 2 commit
 1 file changed, 2 insertions(+), 2 deletions(-)
[master 960a673] Lab 2 commit
 1 file changed, 1 insertion(+)
[master a41779e] Lab 2 commit
 1 file changed, 3 insertions(+), 2 deletions(-)
[master 0c9e561] Lab 2 commit
 1 file changed, 1 insertion(+)
[master 0569898] Lab 2 commit
 1 file changed, 1 insertion(+), 3 deletions(-)
[master 145dcf4] Lab 2 commit
 1 file changed, 3 insertions(+), 3 deletions(-)
[master cc1684b] Lab 2 commit
 1 file changed, 2 insertions(+), 2 deletions(-)
[master e9ff45b] Lab 2 commit
 1 file changed, 5 insertions(+), 3 deletions(-)
[master 09bfdf6] Lab 2 commit
 1 file changed, 1 insertion(+), 1 deletion(-)
[master 3df7c55] Lab 2 commit
 1 file changed, 4 insertions(+), 4 deletions(-)
[master 37475ea] Lab 2 commit
 1 file changed, 1 insertion(+), 1 deletion(-)
[master b05883a] Lab 2 commit
 1 file changed, 1 insertion(+), 1 deletion(-)
[master efe1e47] Lab 2 commit
 1 file changed, 1 insertion(+), 1 deletion(-)
[master 06243ae] Lab 2 commit
 1 file changed, 3 insertions(+), 1 deletion(-)
[master 73f8f37] Lab 2 commit
 1 file changed, 2 insertions(+), 2 deletions(-)
[master d5dbc0b] Lab 2 commit
 1 file changed, 3 insertions(+), 3 deletions(-)
[master ff45a25] Lab 2 commit
 1 file changed, 1 insertion(+), 1 deletion(-)
[master 10c58f6] Lab 2 commit
 1 file changed, 2 insertions(+), 2 deletions(-)
[master 4d9a439] Lab 2 commit
 1 file changed, 1 insertion(+), 1 deletion(-)
[master afb9334] Lab 2 commit
 1 file changed, 1 insertion(+), 1 deletion(-)
[master 10bdcd1] Lab 2 commit
 1 file changed, 1 insertion(+), 1 deletion(-)
[master 2b4fe4b] Lab 2 commit
 1 file changed, 1 insertion(+), 1 deletion(-)
[master 43462ab] Lab 2 commit
 1 file changed, 3 insertions(+), 2 deletions(-)
[master 0301861] Lab 2 commit
 1 file changed, 1 insertion(+), 1 deletion(-)
On branch master
Your branch is up-to-date with 'origin/master'.
Untracked files:
	.local.git.out
	reports_dir/
	testfile

nothing added to commit but untracked files present
On branch master
Your branch is up-to-date with 'origin/master'.
Untracked files:
	.local.git.out
	reports_dir/
	testfile

nothing added to commit but untracked files present
On branch master
Your branch is up-to-date with 'origin/master'.
Untracked files:
	.local.git.out
	reports_dir/
	testfile

nothing added to commit but untracked files present
On branch master
Your branch is up-to-date with 'origin/master'.
Untracked files:
	.local.git.out
	reports_dir/
	testfile

nothing added to commit but untracked files present
[master 041b275] Lab 2 commit
 1 file changed, 5 insertions(+), 3 deletions(-)
[master 9885bad] Lab 2 commit
 1 file changed, 1 insertion(+), 1 deletion(-)
[master 3144b2b] Lab 2 commit
 1 file changed, 1 insertion(+), 1 deletion(-)
[master c3d8725] Lab 2 commit
 1 file changed, 1 insertion(+), 1 deletion(-)
On branch master
Your branch is up-to-date with 'origin/master'.
Untracked files:
	.local.git.out
	reports_dir/
	testfile

nothing added to commit but untracked files present
On branch master
Your branch is up-to-date with 'origin/master'.
Untracked files:
	.local.git.out
	reports_dir/
	testfile

nothing added to commit but untracked files present
On branch master
Your branch is up-to-date with 'origin/master'.
Untracked files:
	.local.git.out
	reports_dir/
	testfile

nothing added to commit but untracked files present
On branch master
Your branch is up-to-date with 'origin/master'.
Untracked files:
	.local.git.out
	reports_dir/
	testfile

nothing added to commit but untracked files present
[master 7cddc39] Lab 2 commit
 1 file changed, 2 insertions(+), 3 deletions(-)
On branch master
Your branch is up-to-date with 'origin/master'.
Untracked files:
	.local.git.out
	reports_dir/
	testfile

nothing added to commit but untracked files present
[master 81f107f] Lab 2 commit
 1 file changed, 1 insertion(+), 1 deletion(-)
On branch master
Your branch is up-to-date with 'origin/master'.
Untracked files:
	.local.git.out
	reports_dir/
	testfile

nothing added to commit but untracked files present
On branch master
Your branch is up-to-date with 'origin/master'.
Untracked files:
	.local.git.out
	testfile

nothing added to commit but untracked files present
On branch master
Your branch is up-to-date with 'origin/master'.
Untracked files:
	.local.git.out
	reports_dir/
	testfile

nothing added to commit but untracked files present
On branch master
Your branch is up-to-date with 'origin/master'.
Untracked files:
	.local.git.out
	reports_dir/
	testfile

nothing added to commit but untracked files present
On branch master
Your branch is up-to-date with 'origin/master'.
Untracked files:
	.local.git.out
	reports_dir/
	testfile

nothing added to commit but untracked files present
